c:\users\jordi\documents\github\sdl-game-1\sdl-game-1\debug\vc120.pdb
c:\users\jordi\documents\github\sdl-game-1\sdl-game-1\debug\vc120.idb
c:\users\jordi\documents\github\sdl-game-1\sdl-game-1\debug\log.obj
c:\users\jordi\documents\github\sdl-game-1\sdl-game-1\debug\main.obj
c:\users\jordi\documents\github\sdl-game-1\sdl-game-1\debug\moduleinput.obj
c:\users\jordi\documents\github\sdl-game-1\sdl-game-1\debug\modulerender.obj
c:\users\jordi\documents\github\sdl-game-1\sdl-game-1\debug\modulewindow.obj
c:\users\jordi\documents\github\sdl-game-1\sdl-game-1\debug\modulescene.obj
c:\users\jordi\documents\github\sdl-game-1\sdl-game-1\debug\moduletextures.obj
c:\users\jordi\documents\github\sdl-game-1\sdl-game-1\debug\moduleaudio.obj
c:\users\jordi\documents\github\sdl-game-1\sdl-game-1\debug\application.obj
c:\users\jordi\documents\github\sdl-game-1\sdl-game-1\debug\sdl game - master 1.ilk
c:\users\jordi\documents\github\sdl-game-1\sdl-game-1\debug\sdl game - master 1.exe
c:\users\jordi\documents\github\sdl-game-1\sdl-game-1\debug\sdl game - master 1.pdb
c:\users\jordi\documents\github\sdl-game-1\sdl-game-1\debug\sdl game.746cc4c3.tlog\cl.command.1.tlog
c:\users\jordi\documents\github\sdl-game-1\sdl-game-1\debug\sdl game.746cc4c3.tlog\cl.read.1.tlog
c:\users\jordi\documents\github\sdl-game-1\sdl-game-1\debug\sdl game.746cc4c3.tlog\cl.write.1.tlog
c:\users\jordi\documents\github\sdl-game-1\sdl-game-1\debug\sdl game.746cc4c3.tlog\link.command.1.tlog
c:\users\jordi\documents\github\sdl-game-1\sdl-game-1\debug\sdl game.746cc4c3.tlog\link.read.1.tlog
c:\users\jordi\documents\github\sdl-game-1\sdl-game-1\debug\sdl game.746cc4c3.tlog\link.write.1.tlog
